[0.007s] Invoking command in '/home/thepkx/UJIRobotics/Luloc-ASTI2026/01-firmware/AlgSumo/build/algsumo': CMAKE_PREFIX_PATH=${CMAKE_PREFIX_PATH}:/home/thepkx/turtlebot3_ws/install/turtlebot3_teleop:/home/thepkx/turtlebot3_ws/install/turtlebot3_example:/opt/ros/humble /usr/bin/cmake /home/thepkx/UJIRobotics/Luloc-ASTI2026/01-firmware/AlgSumo -DCMAKE_INSTALL_PREFIX=/home/thepkx/UJIRobotics/Luloc-ASTI2026/01-firmware/AlgSumo/install/algsumo
[0.015s] -- Found ament_cmake: 1.3.13 (/opt/ros/humble/share/ament_cmake/cmake)
[0.097s] -- Found rclcpp: 16.0.18 (/opt/ros/humble/share/rclcpp/cmake)
[0.115s] -- Found rosidl_generator_c: 3.1.8 (/opt/ros/humble/share/rosidl_generator_c/cmake)
[0.117s] -- Found rosidl_adapter: 3.1.8 (/opt/ros/humble/share/rosidl_adapter/cmake)
[0.120s] -- Found rosidl_generator_cpp: 3.1.8 (/opt/ros/humble/share/rosidl_generator_cpp/cmake)
[0.126s] -- Using all available rosidl_typesupport_c: rosidl_typesupport_fastrtps_c;rosidl_typesupport_introspection_c
[0.134s] -- Using all available rosidl_typesupport_cpp: rosidl_typesupport_fastrtps_cpp;rosidl_typesupport_introspection_cpp
[0.153s] -- Found rmw_implementation_cmake: 6.1.2 (/opt/ros/humble/share/rmw_implementation_cmake/cmake)
[0.154s] -- Found rmw_fastrtps_cpp: 6.2.10 (/opt/ros/humble/share/rmw_fastrtps_cpp/cmake)
[0.220s] -- Using RMW implementation 'rmw_fastrtps_cpp' as default
[0.293s] -- Configuring done
[0.298s] -- Generating done
[0.299s] -- Build files have been written to: /home/thepkx/UJIRobotics/Luloc-ASTI2026/01-firmware/AlgSumo/build/algsumo
[0.305s] Invoked command in '/home/thepkx/UJIRobotics/Luloc-ASTI2026/01-firmware/AlgSumo/build/algsumo' returned '0': CMAKE_PREFIX_PATH=${CMAKE_PREFIX_PATH}:/home/thepkx/turtlebot3_ws/install/turtlebot3_teleop:/home/thepkx/turtlebot3_ws/install/turtlebot3_example:/opt/ros/humble /usr/bin/cmake /home/thepkx/UJIRobotics/Luloc-ASTI2026/01-firmware/AlgSumo -DCMAKE_INSTALL_PREFIX=/home/thepkx/UJIRobotics/Luloc-ASTI2026/01-firmware/AlgSumo/install/algsumo
[0.306s] Invoking command in '/home/thepkx/UJIRobotics/Luloc-ASTI2026/01-firmware/AlgSumo/build/algsumo': CMAKE_PREFIX_PATH=${CMAKE_PREFIX_PATH}:/home/thepkx/turtlebot3_ws/install/turtlebot3_teleop:/home/thepkx/turtlebot3_ws/install/turtlebot3_example:/opt/ros/humble /usr/bin/cmake --build /home/thepkx/UJIRobotics/Luloc-ASTI2026/01-firmware/AlgSumo/build/algsumo -- -j12 -l12
[0.346s] [ 50%] [32mBuilding CXX object CMakeFiles/algsumo.dir/src/main.cpp.o[0m
[0.358s] [01m[K/home/thepkx/UJIRobotics/Luloc-ASTI2026/01-firmware/AlgSumo/src/main.cpp:1:10:[m[K [01;31m[Kfatal error: [m[Kmicro_ros_arduino.h: No existe el archivo o el directorio
[0.358s]     1 | #include [01;31m[K<micro_ros_arduino.h>[m[K
[0.358s]       |          [01;31m[K^~~~~~~~~~~~~~~~~~~~~[m[K
[0.358s] compilation terminated.
[0.358s] gmake[2]: *** [CMakeFiles/algsumo.dir/build.make:76: CMakeFiles/algsumo.dir/src/main.cpp.o] Error 1
[0.358s] gmake[1]: *** [CMakeFiles/Makefile2:137: CMakeFiles/algsumo.dir/all] Error 2
[0.359s] gmake: *** [Makefile:146: all] Error 2
[0.360s] Invoked command in '/home/thepkx/UJIRobotics/Luloc-ASTI2026/01-firmware/AlgSumo/build/algsumo' returned '2': CMAKE_PREFIX_PATH=${CMAKE_PREFIX_PATH}:/home/thepkx/turtlebot3_ws/install/turtlebot3_teleop:/home/thepkx/turtlebot3_ws/install/turtlebot3_example:/opt/ros/humble /usr/bin/cmake --build /home/thepkx/UJIRobotics/Luloc-ASTI2026/01-firmware/AlgSumo/build/algsumo -- -j12 -l12
