[0.077s] DEBUG:colcon:Command line arguments: ['/usr/bin/colcon', 'build']
[0.077s] DEBUG:colcon:Parsed command line arguments: Namespace(log_base=None, log_level=None, verb_name='build', build_base='build', install_base='install', merge_install=False, symlink_install=False, test_result_base=None, continue_on_error=False, executor='parallel', parallel_workers=12, event_handlers=None, ignore_user_meta=False, metas=['./colcon.meta'], base_paths=['.'], packages_ignore=None, packages_ignore_regex=None, paths=None, packages_up_to=None, packages_up_to_regex=None, packages_above=None, packages_above_and_dependencies=None, packages_above_depth=None, packages_select_by_dep=None, packages_skip_by_dep=None, packages_skip_up_to=None, packages_select_build_failed=False, packages_skip_build_finished=False, packages_select_test_failures=False, packages_skip_test_passed=False, packages_select=None, packages_skip=None, packages_select_regex=None, packages_skip_regex=None, packages_start=None, packages_end=None, allow_overriding=[], cmake_args=None, cmake_target=None, cmake_target_skip_unavailable=False, cmake_clean_cache=False, cmake_clean_first=False, cmake_force_configure=False, ament_cmake_args=None, catkin_cmake_args=None, catkin_skip_building_tests=False, mixin_files=None, mixin=None, verb_parser=<colcon_mixin.mixin.mixin_argument.MixinArgumentDecorator object at 0x7f57c2871030>, verb_extension=<colcon_core.verb.build.BuildVerb object at 0x7f57c2992680>, main=<bound method BuildVerb.main of <colcon_core.verb.build.BuildVerb object at 0x7f57c2992680>>, mixin_verb=('build',))
[0.193s] Level 1:colcon.colcon_core.package_discovery:discover_packages(colcon_meta) check parameters
[0.193s] Level 1:colcon.colcon_core.package_discovery:discover_packages(recursive) check parameters
[0.193s] Level 1:colcon.colcon_core.package_discovery:discover_packages(ignore) check parameters
[0.193s] Level 1:colcon.colcon_core.package_discovery:discover_packages(path) check parameters
[0.194s] Level 1:colcon.colcon_core.package_discovery:discover_packages(colcon_meta) discover
[0.194s] Level 1:colcon.colcon_core.package_discovery:discover_packages(recursive) discover
[0.194s] INFO:colcon.colcon_core.package_discovery:Crawling recursively for packages in '/home/thepkx/UJIRobotics/Luloc-ASTI2026/01-firmware/AlgSumo'
[0.194s] Level 1:colcon.colcon_core.package_identification:_identify(.) by extensions ['ignore', 'ignore_ament_install']
[0.194s] Level 1:colcon.colcon_core.package_identification:_identify(.) by extension 'ignore'
[0.194s] Level 1:colcon.colcon_core.package_identification:_identify(.) by extension 'ignore_ament_install'
[0.194s] Level 1:colcon.colcon_core.package_identification:_identify(.) by extensions ['colcon_pkg']
[0.194s] Level 1:colcon.colcon_core.package_identification:_identify(.) by extension 'colcon_pkg'
[0.194s] Level 1:colcon.colcon_core.package_identification:_identify(.) by extensions ['colcon_meta']
[0.194s] Level 1:colcon.colcon_core.package_identification:_identify(.) by extension 'colcon_meta'
[0.194s] Level 1:colcon.colcon_core.package_identification:_identify(.) by extensions ['ros']
[0.194s] Level 1:colcon.colcon_core.package_identification:_identify(.) by extension 'ros'
[0.209s] DEBUG:colcon.colcon_core.package_identification:Package '.' with type 'ros.ament_cmake' and name 'algsumo'
[0.209s] Level 1:colcon.colcon_core.package_discovery:discover_packages(recursive) using defaults
[0.209s] Level 1:colcon.colcon_core.package_discovery:discover_packages(ignore) discover
[0.209s] Level 1:colcon.colcon_core.package_discovery:discover_packages(ignore) using defaults
[0.209s] Level 1:colcon.colcon_core.package_discovery:discover_packages(path) discover
[0.209s] Level 1:colcon.colcon_core.package_discovery:discover_packages(path) using defaults
[0.221s] Level 1:colcon.colcon_core.package_discovery:discover_packages(prefix_path) check parameters
[0.221s] Level 1:colcon.colcon_core.package_discovery:discover_packages(prefix_path) discover
[0.223s] DEBUG:colcon.colcon_installed_package_information.package_discovery:Found 16 installed packages in /home/thepkx/turtlebot3_ws/install
[0.224s] DEBUG:colcon.colcon_installed_package_information.package_discovery:Found 337 installed packages in /opt/ros/humble
[0.225s] Level 1:colcon.colcon_core.package_discovery:discover_packages(prefix_path) using defaults
[0.253s] Level 5:colcon.colcon_core.verb:set package 'algsumo' build argument 'cmake_args' from command line to 'None'
[0.253s] Level 5:colcon.colcon_core.verb:set package 'algsumo' build argument 'cmake_target' from command line to 'None'
[0.253s] Level 5:colcon.colcon_core.verb:set package 'algsumo' build argument 'cmake_target_skip_unavailable' from command line to 'False'
[0.253s] Level 5:colcon.colcon_core.verb:set package 'algsumo' build argument 'cmake_clean_cache' from command line to 'False'
[0.253s] Level 5:colcon.colcon_core.verb:set package 'algsumo' build argument 'cmake_clean_first' from command line to 'False'
[0.253s] Level 5:colcon.colcon_core.verb:set package 'algsumo' build argument 'cmake_force_configure' from command line to 'False'
[0.253s] Level 5:colcon.colcon_core.verb:set package 'algsumo' build argument 'ament_cmake_args' from command line to 'None'
[0.253s] Level 5:colcon.colcon_core.verb:set package 'algsumo' build argument 'catkin_cmake_args' from command line to 'None'
[0.253s] Level 5:colcon.colcon_core.verb:set package 'algsumo' build argument 'catkin_skip_building_tests' from command line to 'False'
[0.253s] DEBUG:colcon.colcon_core.verb:Building package 'algsumo' with the following arguments: {'ament_cmake_args': None, 'build_base': '/home/thepkx/UJIRobotics/Luloc-ASTI2026/01-firmware/AlgSumo/build/algsumo', 'catkin_cmake_args': None, 'catkin_skip_building_tests': False, 'cmake_args': None, 'cmake_clean_cache': False, 'cmake_clean_first': False, 'cmake_force_configure': False, 'cmake_target': None, 'cmake_target_skip_unavailable': False, 'install_base': '/home/thepkx/UJIRobotics/Luloc-ASTI2026/01-firmware/AlgSumo/install/algsumo', 'merge_install': False, 'path': '/home/thepkx/UJIRobotics/Luloc-ASTI2026/01-firmware/AlgSumo', 'symlink_install': False, 'test_result_base': None}
[0.253s] INFO:colcon.colcon_core.executor:Executing jobs using 'parallel' executor
[0.254s] DEBUG:colcon.colcon_parallel_executor.executor.parallel:run_until_complete
[0.254s] INFO:colcon.colcon_ros.task.ament_cmake.build:Building ROS package in '/home/thepkx/UJIRobotics/Luloc-ASTI2026/01-firmware/AlgSumo' with build type 'ament_cmake'
[0.254s] INFO:colcon.colcon_cmake.task.cmake.build:Building CMake package in '/home/thepkx/UJIRobotics/Luloc-ASTI2026/01-firmware/AlgSumo'
[0.255s] INFO:colcon.colcon_core.plugin_system:Skipping extension 'colcon_core.shell.bat': Not used on non-Windows systems
[0.255s] INFO:colcon.colcon_core.shell:Skip shell extension 'powershell' for command environment: Not usable outside of PowerShell
[0.255s] DEBUG:colcon.colcon_core.shell:Skip shell extension 'dsv' for command environment
[0.263s] DEBUG:colcon.colcon_core.event_handler.log_command:Invoking command in '/home/thepkx/UJIRobotics/Luloc-ASTI2026/01-firmware/AlgSumo/build/algsumo': CMAKE_PREFIX_PATH=${CMAKE_PREFIX_PATH}:/home/thepkx/turtlebot3_ws/install/turtlebot3_teleop:/home/thepkx/turtlebot3_ws/install/turtlebot3_example:/opt/ros/humble /usr/bin/cmake --build /home/thepkx/UJIRobotics/Luloc-ASTI2026/01-firmware/AlgSumo/build/algsumo -- -j12 -l12
[6.224s] DEBUG:colcon.colcon_core.event_handler.log_command:Invoked command in '/home/thepkx/UJIRobotics/Luloc-ASTI2026/01-firmware/AlgSumo/build/algsumo' returned '0': CMAKE_PREFIX_PATH=${CMAKE_PREFIX_PATH}:/home/thepkx/turtlebot3_ws/install/turtlebot3_teleop:/home/thepkx/turtlebot3_ws/install/turtlebot3_example:/opt/ros/humble /usr/bin/cmake --build /home/thepkx/UJIRobotics/Luloc-ASTI2026/01-firmware/AlgSumo/build/algsumo -- -j12 -l12
[6.230s] DEBUG:colcon.colcon_core.event_handler.log_command:Invoking command in '/home/thepkx/UJIRobotics/Luloc-ASTI2026/01-firmware/AlgSumo/build/algsumo': CMAKE_PREFIX_PATH=${CMAKE_PREFIX_PATH}:/home/thepkx/turtlebot3_ws/install/turtlebot3_teleop:/home/thepkx/turtlebot3_ws/install/turtlebot3_example:/opt/ros/humble /usr/bin/cmake --install /home/thepkx/UJIRobotics/Luloc-ASTI2026/01-firmware/AlgSumo/build/algsumo
[6.240s] Level 1:colcon.colcon_core.environment:create_environment_scripts_only(algsumo)
[6.240s] DEBUG:colcon.colcon_core.event_handler.log_command:Invoked command in '/home/thepkx/UJIRobotics/Luloc-ASTI2026/01-firmware/AlgSumo/build/algsumo' returned '0': CMAKE_PREFIX_PATH=${CMAKE_PREFIX_PATH}:/home/thepkx/turtlebot3_ws/install/turtlebot3_teleop:/home/thepkx/turtlebot3_ws/install/turtlebot3_example:/opt/ros/humble /usr/bin/cmake --install /home/thepkx/UJIRobotics/Luloc-ASTI2026/01-firmware/AlgSumo/build/algsumo
[6.242s] Level 1:colcon.colcon_core.environment:checking '/home/thepkx/UJIRobotics/Luloc-ASTI2026/01-firmware/AlgSumo/install/algsumo' for CMake module files
[6.242s] Level 1:colcon.colcon_core.environment:checking '/home/thepkx/UJIRobotics/Luloc-ASTI2026/01-firmware/AlgSumo/install/algsumo' for CMake config files
[6.242s] Level 1:colcon.colcon_core.shell:create_environment_hook('algsumo', 'cmake_prefix_path')
[6.242s] INFO:colcon.colcon_core.shell:Creating environment hook '/home/thepkx/UJIRobotics/Luloc-ASTI2026/01-firmware/AlgSumo/install/algsumo/share/algsumo/hook/cmake_prefix_path.ps1'
[6.243s] INFO:colcon.colcon_core.shell:Creating environment descriptor '/home/thepkx/UJIRobotics/Luloc-ASTI2026/01-firmware/AlgSumo/install/algsumo/share/algsumo/hook/cmake_prefix_path.dsv'
[6.243s] INFO:colcon.colcon_core.shell:Creating environment hook '/home/thepkx/UJIRobotics/Luloc-ASTI2026/01-firmware/AlgSumo/install/algsumo/share/algsumo/hook/cmake_prefix_path.sh'
[6.244s] Level 1:colcon.colcon_core.environment:checking '/home/thepkx/UJIRobotics/Luloc-ASTI2026/01-firmware/AlgSumo/install/algsumo/lib'
[6.244s] Level 1:colcon.colcon_core.environment:checking '/home/thepkx/UJIRobotics/Luloc-ASTI2026/01-firmware/AlgSumo/install/algsumo/bin'
[6.244s] Level 1:colcon.colcon_core.environment:checking '/home/thepkx/UJIRobotics/Luloc-ASTI2026/01-firmware/AlgSumo/install/algsumo/lib/pkgconfig/algsumo.pc'
[6.244s] Level 1:colcon.colcon_core.environment:checking '/home/thepkx/UJIRobotics/Luloc-ASTI2026/01-firmware/AlgSumo/install/algsumo/lib/python3.10/site-packages'
[6.244s] Level 1:colcon.colcon_core.environment:checking '/home/thepkx/UJIRobotics/Luloc-ASTI2026/01-firmware/AlgSumo/install/algsumo/bin'
[6.245s] INFO:colcon.colcon_core.shell:Creating package script '/home/thepkx/UJIRobotics/Luloc-ASTI2026/01-firmware/AlgSumo/install/algsumo/share/algsumo/package.ps1'
[6.245s] INFO:colcon.colcon_core.shell:Creating package descriptor '/home/thepkx/UJIRobotics/Luloc-ASTI2026/01-firmware/AlgSumo/install/algsumo/share/algsumo/package.dsv'
[6.245s] INFO:colcon.colcon_core.shell:Creating package script '/home/thepkx/UJIRobotics/Luloc-ASTI2026/01-firmware/AlgSumo/install/algsumo/share/algsumo/package.sh'
[6.246s] INFO:colcon.colcon_core.shell:Creating package script '/home/thepkx/UJIRobotics/Luloc-ASTI2026/01-firmware/AlgSumo/install/algsumo/share/algsumo/package.bash'
[6.246s] INFO:colcon.colcon_core.shell:Creating package script '/home/thepkx/UJIRobotics/Luloc-ASTI2026/01-firmware/AlgSumo/install/algsumo/share/algsumo/package.zsh'
[6.247s] Level 1:colcon.colcon_core.environment:create_file_with_runtime_dependencies(/home/thepkx/UJIRobotics/Luloc-ASTI2026/01-firmware/AlgSumo/install/algsumo/share/colcon-core/packages/algsumo)
[6.247s] Level 1:colcon.colcon_core.environment:create_environment_scripts_only(algsumo)
[6.247s] Level 1:colcon.colcon_core.environment:checking '/home/thepkx/UJIRobotics/Luloc-ASTI2026/01-firmware/AlgSumo/install/algsumo' for CMake module files
[6.247s] Level 1:colcon.colcon_core.environment:checking '/home/thepkx/UJIRobotics/Luloc-ASTI2026/01-firmware/AlgSumo/install/algsumo' for CMake config files
[6.247s] Level 1:colcon.colcon_core.shell:create_environment_hook('algsumo', 'cmake_prefix_path')
[6.248s] INFO:colcon.colcon_core.shell:Creating environment hook '/home/thepkx/UJIRobotics/Luloc-ASTI2026/01-firmware/AlgSumo/install/algsumo/share/algsumo/hook/cmake_prefix_path.ps1'
[6.248s] INFO:colcon.colcon_core.shell:Creating environment descriptor '/home/thepkx/UJIRobotics/Luloc-ASTI2026/01-firmware/AlgSumo/install/algsumo/share/algsumo/hook/cmake_prefix_path.dsv'
[6.248s] INFO:colcon.colcon_core.shell:Creating environment hook '/home/thepkx/UJIRobotics/Luloc-ASTI2026/01-firmware/AlgSumo/install/algsumo/share/algsumo/hook/cmake_prefix_path.sh'
[6.248s] Level 1:colcon.colcon_core.environment:checking '/home/thepkx/UJIRobotics/Luloc-ASTI2026/01-firmware/AlgSumo/install/algsumo/lib'
[6.248s] Level 1:colcon.colcon_core.environment:checking '/home/thepkx/UJIRobotics/Luloc-ASTI2026/01-firmware/AlgSumo/install/algsumo/bin'
[6.248s] Level 1:colcon.colcon_core.environment:checking '/home/thepkx/UJIRobotics/Luloc-ASTI2026/01-firmware/AlgSumo/install/algsumo/lib/pkgconfig/algsumo.pc'
[6.248s] Level 1:colcon.colcon_core.environment:checking '/home/thepkx/UJIRobotics/Luloc-ASTI2026/01-firmware/AlgSumo/install/algsumo/lib/python3.10/site-packages'
[6.249s] Level 1:colcon.colcon_core.environment:checking '/home/thepkx/UJIRobotics/Luloc-ASTI2026/01-firmware/AlgSumo/install/algsumo/bin'
[6.249s] INFO:colcon.colcon_core.shell:Creating package script '/home/thepkx/UJIRobotics/Luloc-ASTI2026/01-firmware/AlgSumo/install/algsumo/share/algsumo/package.ps1'
[6.249s] INFO:colcon.colcon_core.shell:Creating package descriptor '/home/thepkx/UJIRobotics/Luloc-ASTI2026/01-firmware/AlgSumo/install/algsumo/share/algsumo/package.dsv'
[6.249s] INFO:colcon.colcon_core.shell:Creating package script '/home/thepkx/UJIRobotics/Luloc-ASTI2026/01-firmware/AlgSumo/install/algsumo/share/algsumo/package.sh'
[6.250s] INFO:colcon.colcon_core.shell:Creating package script '/home/thepkx/UJIRobotics/Luloc-ASTI2026/01-firmware/AlgSumo/install/algsumo/share/algsumo/package.bash'
[6.250s] INFO:colcon.colcon_core.shell:Creating package script '/home/thepkx/UJIRobotics/Luloc-ASTI2026/01-firmware/AlgSumo/install/algsumo/share/algsumo/package.zsh'
[6.250s] Level 1:colcon.colcon_core.environment:create_file_with_runtime_dependencies(/home/thepkx/UJIRobotics/Luloc-ASTI2026/01-firmware/AlgSumo/install/algsumo/share/colcon-core/packages/algsumo)
[6.250s] DEBUG:colcon.colcon_parallel_executor.executor.parallel:closing loop
[6.250s] DEBUG:colcon.colcon_parallel_executor.executor.parallel:loop closed
[6.250s] DEBUG:colcon.colcon_parallel_executor.executor.parallel:run_until_complete finished with '0'
[6.250s] DEBUG:colcon.colcon_core.event_reactor:joining thread
[6.254s] INFO:colcon.colcon_core.plugin_system:Skipping extension 'colcon_notification.desktop_notification.terminal_notifier': Not used on non-Darwin systems
[6.254s] INFO:colcon.colcon_core.plugin_system:Skipping extension 'colcon_notification.desktop_notification.win32': Not used on non-Windows systems
[6.254s] INFO:colcon.colcon_notification.desktop_notification:Sending desktop notification using 'notify2'
[6.261s] DEBUG:colcon.colcon_core.event_reactor:joined thread
[6.261s] INFO:colcon.colcon_core.shell:Creating prefix script '/home/thepkx/UJIRobotics/Luloc-ASTI2026/01-firmware/AlgSumo/install/local_setup.ps1'
[6.263s] INFO:colcon.colcon_core.shell:Creating prefix util module '/home/thepkx/UJIRobotics/Luloc-ASTI2026/01-firmware/AlgSumo/install/_local_setup_util_ps1.py'
[6.264s] INFO:colcon.colcon_core.shell:Creating prefix chain script '/home/thepkx/UJIRobotics/Luloc-ASTI2026/01-firmware/AlgSumo/install/setup.ps1'
[6.265s] INFO:colcon.colcon_core.shell:Creating prefix script '/home/thepkx/UJIRobotics/Luloc-ASTI2026/01-firmware/AlgSumo/install/local_setup.sh'
[6.265s] INFO:colcon.colcon_core.shell:Creating prefix util module '/home/thepkx/UJIRobotics/Luloc-ASTI2026/01-firmware/AlgSumo/install/_local_setup_util_sh.py'
[6.266s] INFO:colcon.colcon_core.shell:Creating prefix chain script '/home/thepkx/UJIRobotics/Luloc-ASTI2026/01-firmware/AlgSumo/install/setup.sh'
[6.267s] INFO:colcon.colcon_core.shell:Creating prefix script '/home/thepkx/UJIRobotics/Luloc-ASTI2026/01-firmware/AlgSumo/install/local_setup.bash'
[6.267s] INFO:colcon.colcon_core.shell:Creating prefix chain script '/home/thepkx/UJIRobotics/Luloc-ASTI2026/01-firmware/AlgSumo/install/setup.bash'
[6.268s] INFO:colcon.colcon_core.shell:Creating prefix script '/home/thepkx/UJIRobotics/Luloc-ASTI2026/01-firmware/AlgSumo/install/local_setup.zsh'
[6.268s] INFO:colcon.colcon_core.shell:Creating prefix chain script '/home/thepkx/UJIRobotics/Luloc-ASTI2026/01-firmware/AlgSumo/install/setup.zsh'
