[0.077s] DEBUG:colcon:Command line arguments: ['/usr/bin/colcon', 'build']
[0.077s] DEBUG:colcon:Parsed command line arguments: Namespace(log_base=None, log_level=None, verb_name='build', build_base='build', install_base='install', merge_install=False, symlink_install=False, test_result_base=None, continue_on_error=False, executor='parallel', parallel_workers=12, event_handlers=None, ignore_user_meta=False, metas=['./colcon.meta'], base_paths=['.'], packages_ignore=None, packages_ignore_regex=None, paths=None, packages_up_to=None, packages_up_to_regex=None, packages_above=None, packages_above_and_dependencies=None, packages_above_depth=None, packages_select_by_dep=None, packages_skip_by_dep=None, packages_skip_up_to=None, packages_select_build_failed=False, packages_skip_build_finished=False, packages_select_test_failures=False, packages_skip_test_passed=False, packages_select=None, packages_skip=None, packages_select_regex=None, packages_skip_regex=None, packages_start=None, packages_end=None, allow_overriding=[], cmake_args=None, cmake_target=None, cmake_target_skip_unavailable=False, cmake_clean_cache=False, cmake_clean_first=False, cmake_force_configure=False, ament_cmake_args=None, catkin_cmake_args=None, catkin_skip_building_tests=False, mixin_files=None, mixin=None, verb_parser=<colcon_mixin.mixin.mixin_argument.MixinArgumentDecorator object at 0x712139439000>, verb_extension=<colcon_core.verb.build.BuildVerb object at 0x712139596650>, main=<bound method BuildVerb.main of <colcon_core.verb.build.BuildVerb object at 0x712139596650>>, mixin_verb=('build',))
[0.194s] Level 1:colcon.colcon_core.package_discovery:discover_packages(colcon_meta) check parameters
[0.194s] Level 1:colcon.colcon_core.package_discovery:discover_packages(recursive) check parameters
[0.194s] Level 1:colcon.colcon_core.package_discovery:discover_packages(ignore) check parameters
[0.194s] Level 1:colcon.colcon_core.package_discovery:discover_packages(path) check parameters
[0.194s] Level 1:colcon.colcon_core.package_discovery:discover_packages(colcon_meta) discover
[0.194s] Level 1:colcon.colcon_core.package_discovery:discover_packages(recursive) discover
[0.194s] INFO:colcon.colcon_core.package_discovery:Crawling recursively for packages in '/home/thepkx/UJIRobotics/Luloc-ASTI2026/01-firmware/AlgSumo'
[0.194s] Level 1:colcon.colcon_core.package_identification:_identify(.) by extensions ['ignore', 'ignore_ament_install']
[0.194s] Level 1:colcon.colcon_core.package_identification:_identify(.) by extension 'ignore'
[0.194s] Level 1:colcon.colcon_core.package_identification:_identify(.) by extension 'ignore_ament_install'
[0.194s] Level 1:colcon.colcon_core.package_identification:_identify(.) by extensions ['colcon_pkg']
[0.194s] Level 1:colcon.colcon_core.package_identification:_identify(.) by extension 'colcon_pkg'
[0.194s] Level 1:colcon.colcon_core.package_identification:_identify(.) by extensions ['colcon_meta']
[0.194s] Level 1:colcon.colcon_core.package_identification:_identify(.) by extension 'colcon_meta'
[0.194s] Level 1:colcon.colcon_core.package_identification:_identify(.) by extensions ['ros']
[0.194s] Level 1:colcon.colcon_core.package_identification:_identify(.) by extension 'ros'
[0.209s] DEBUG:colcon.colcon_core.package_identification:Package '.' with type 'ros.ament_cmake' and name 'AlgSumo'
[0.209s] Level 1:colcon.colcon_core.package_discovery:discover_packages(recursive) using defaults
[0.209s] Level 1:colcon.colcon_core.package_discovery:discover_packages(ignore) discover
[0.209s] Level 1:colcon.colcon_core.package_discovery:discover_packages(ignore) using defaults
[0.209s] Level 1:colcon.colcon_core.package_discovery:discover_packages(path) discover
[0.209s] Level 1:colcon.colcon_core.package_discovery:discover_packages(path) using defaults
[0.222s] Level 1:colcon.colcon_core.package_discovery:discover_packages(prefix_path) check parameters
[0.222s] Level 1:colcon.colcon_core.package_discovery:discover_packages(prefix_path) discover
[0.223s] DEBUG:colcon.colcon_installed_package_information.package_discovery:Found 16 installed packages in /home/thepkx/turtlebot3_ws/install
[0.224s] DEBUG:colcon.colcon_installed_package_information.package_discovery:Found 337 installed packages in /opt/ros/humble
[0.226s] Level 1:colcon.colcon_core.package_discovery:discover_packages(prefix_path) using defaults
[0.254s] Level 5:colcon.colcon_core.verb:set package 'AlgSumo' build argument 'cmake_args' from command line to 'None'
[0.254s] Level 5:colcon.colcon_core.verb:set package 'AlgSumo' build argument 'cmake_target' from command line to 'None'
[0.254s] Level 5:colcon.colcon_core.verb:set package 'AlgSumo' build argument 'cmake_target_skip_unavailable' from command line to 'False'
[0.254s] Level 5:colcon.colcon_core.verb:set package 'AlgSumo' build argument 'cmake_clean_cache' from command line to 'False'
[0.254s] Level 5:colcon.colcon_core.verb:set package 'AlgSumo' build argument 'cmake_clean_first' from command line to 'False'
[0.254s] Level 5:colcon.colcon_core.verb:set package 'AlgSumo' build argument 'cmake_force_configure' from command line to 'False'
[0.254s] Level 5:colcon.colcon_core.verb:set package 'AlgSumo' build argument 'ament_cmake_args' from command line to 'None'
[0.254s] Level 5:colcon.colcon_core.verb:set package 'AlgSumo' build argument 'catkin_cmake_args' from command line to 'None'
[0.254s] Level 5:colcon.colcon_core.verb:set package 'AlgSumo' build argument 'catkin_skip_building_tests' from command line to 'False'
[0.254s] DEBUG:colcon.colcon_core.verb:Building package 'AlgSumo' with the following arguments: {'ament_cmake_args': None, 'build_base': '/home/thepkx/UJIRobotics/Luloc-ASTI2026/01-firmware/AlgSumo/build/AlgSumo', 'catkin_cmake_args': None, 'catkin_skip_building_tests': False, 'cmake_args': None, 'cmake_clean_cache': False, 'cmake_clean_first': False, 'cmake_force_configure': False, 'cmake_target': None, 'cmake_target_skip_unavailable': False, 'install_base': '/home/thepkx/UJIRobotics/Luloc-ASTI2026/01-firmware/AlgSumo/install/AlgSumo', 'merge_install': False, 'path': '/home/thepkx/UJIRobotics/Luloc-ASTI2026/01-firmware/AlgSumo', 'symlink_install': False, 'test_result_base': None}
[0.254s] INFO:colcon.colcon_core.executor:Executing jobs using 'parallel' executor
[0.255s] DEBUG:colcon.colcon_parallel_executor.executor.parallel:run_until_complete
[0.255s] INFO:colcon.colcon_ros.task.ament_cmake.build:Building ROS package in '/home/thepkx/UJIRobotics/Luloc-ASTI2026/01-firmware/AlgSumo' with build type 'ament_cmake'
[0.255s] INFO:colcon.colcon_cmake.task.cmake.build:Building CMake package in '/home/thepkx/UJIRobotics/Luloc-ASTI2026/01-firmware/AlgSumo'
[0.256s] INFO:colcon.colcon_core.plugin_system:Skipping extension 'colcon_core.shell.bat': Not used on non-Windows systems
[0.256s] INFO:colcon.colcon_core.shell:Skip shell extension 'powershell' for command environment: Not usable outside of PowerShell
[0.256s] DEBUG:colcon.colcon_core.shell:Skip shell extension 'dsv' for command environment
[0.262s] DEBUG:colcon.colcon_core.event_handler.log_command:Invoking command in '/home/thepkx/UJIRobotics/Luloc-ASTI2026/01-firmware/AlgSumo/build/AlgSumo': CMAKE_PREFIX_PATH=${CMAKE_PREFIX_PATH}:/home/thepkx/turtlebot3_ws/install/turtlebot3_teleop:/home/thepkx/turtlebot3_ws/install/turtlebot3_example:/opt/ros/humble /usr/bin/cmake /home/thepkx/UJIRobotics/Luloc-ASTI2026/01-firmware/AlgSumo -DCMAKE_INSTALL_PREFIX=/home/thepkx/UJIRobotics/Luloc-ASTI2026/01-firmware/AlgSumo/install/AlgSumo
[0.551s] DEBUG:colcon.colcon_core.event_handler.log_command:Invoked command in '/home/thepkx/UJIRobotics/Luloc-ASTI2026/01-firmware/AlgSumo/build/AlgSumo' returned '1': CMAKE_PREFIX_PATH=${CMAKE_PREFIX_PATH}:/home/thepkx/turtlebot3_ws/install/turtlebot3_teleop:/home/thepkx/turtlebot3_ws/install/turtlebot3_example:/opt/ros/humble /usr/bin/cmake /home/thepkx/UJIRobotics/Luloc-ASTI2026/01-firmware/AlgSumo -DCMAKE_INSTALL_PREFIX=/home/thepkx/UJIRobotics/Luloc-ASTI2026/01-firmware/AlgSumo/install/AlgSumo
[0.559s] Level 1:colcon.colcon_core.environment:create_environment_scripts_only(AlgSumo)
[0.561s] Level 1:colcon.colcon_core.environment:checking '/home/thepkx/UJIRobotics/Luloc-ASTI2026/01-firmware/AlgSumo/install/AlgSumo' for CMake module files
[0.561s] Level 1:colcon.colcon_core.environment:checking '/home/thepkx/UJIRobotics/Luloc-ASTI2026/01-firmware/AlgSumo/install/AlgSumo' for CMake config files
[0.561s] Level 1:colcon.colcon_core.environment:checking '/home/thepkx/UJIRobotics/Luloc-ASTI2026/01-firmware/AlgSumo/install/AlgSumo/bin'
[0.561s] Level 1:colcon.colcon_core.environment:checking '/home/thepkx/UJIRobotics/Luloc-ASTI2026/01-firmware/AlgSumo/install/AlgSumo/lib/pkgconfig/AlgSumo.pc'
[0.561s] Level 1:colcon.colcon_core.environment:checking '/home/thepkx/UJIRobotics/Luloc-ASTI2026/01-firmware/AlgSumo/install/AlgSumo/lib/python3.10/site-packages'
[0.561s] Level 1:colcon.colcon_core.environment:checking '/home/thepkx/UJIRobotics/Luloc-ASTI2026/01-firmware/AlgSumo/install/AlgSumo/bin'
[0.562s] INFO:colcon.colcon_core.shell:Creating package script '/home/thepkx/UJIRobotics/Luloc-ASTI2026/01-firmware/AlgSumo/install/AlgSumo/share/AlgSumo/package.ps1'
[0.562s] INFO:colcon.colcon_core.shell:Creating package descriptor '/home/thepkx/UJIRobotics/Luloc-ASTI2026/01-firmware/AlgSumo/install/AlgSumo/share/AlgSumo/package.dsv'
[0.562s] INFO:colcon.colcon_core.shell:Creating package script '/home/thepkx/UJIRobotics/Luloc-ASTI2026/01-firmware/AlgSumo/install/AlgSumo/share/AlgSumo/package.sh'
[0.563s] INFO:colcon.colcon_core.shell:Creating package script '/home/thepkx/UJIRobotics/Luloc-ASTI2026/01-firmware/AlgSumo/install/AlgSumo/share/AlgSumo/package.bash'
[0.563s] INFO:colcon.colcon_core.shell:Creating package script '/home/thepkx/UJIRobotics/Luloc-ASTI2026/01-firmware/AlgSumo/install/AlgSumo/share/AlgSumo/package.zsh'
[0.564s] Level 1:colcon.colcon_core.environment:create_file_with_runtime_dependencies(/home/thepkx/UJIRobotics/Luloc-ASTI2026/01-firmware/AlgSumo/install/AlgSumo/share/colcon-core/packages/AlgSumo)
[0.574s] DEBUG:colcon.colcon_parallel_executor.executor.parallel:closing loop
[0.574s] DEBUG:colcon.colcon_parallel_executor.executor.parallel:loop closed
[0.574s] DEBUG:colcon.colcon_parallel_executor.executor.parallel:run_until_complete finished with '1'
[0.574s] DEBUG:colcon.colcon_core.event_reactor:joining thread
[0.580s] INFO:colcon.colcon_core.plugin_system:Skipping extension 'colcon_notification.desktop_notification.terminal_notifier': Not used on non-Darwin systems
[0.580s] INFO:colcon.colcon_core.plugin_system:Skipping extension 'colcon_notification.desktop_notification.win32': Not used on non-Windows systems
[0.580s] INFO:colcon.colcon_notification.desktop_notification:Sending desktop notification using 'notify2'
[0.594s] DEBUG:colcon.colcon_core.event_reactor:joined thread
[0.594s] INFO:colcon.colcon_core.shell:Creating prefix script '/home/thepkx/UJIRobotics/Luloc-ASTI2026/01-firmware/AlgSumo/install/local_setup.ps1'
[0.595s] INFO:colcon.colcon_core.shell:Creating prefix util module '/home/thepkx/UJIRobotics/Luloc-ASTI2026/01-firmware/AlgSumo/install/_local_setup_util_ps1.py'
[0.595s] INFO:colcon.colcon_core.shell:Creating prefix chain script '/home/thepkx/UJIRobotics/Luloc-ASTI2026/01-firmware/AlgSumo/install/setup.ps1'
[0.596s] INFO:colcon.colcon_core.shell:Creating prefix script '/home/thepkx/UJIRobotics/Luloc-ASTI2026/01-firmware/AlgSumo/install/local_setup.sh'
[0.597s] INFO:colcon.colcon_core.shell:Creating prefix util module '/home/thepkx/UJIRobotics/Luloc-ASTI2026/01-firmware/AlgSumo/install/_local_setup_util_sh.py'
[0.597s] INFO:colcon.colcon_core.shell:Creating prefix chain script '/home/thepkx/UJIRobotics/Luloc-ASTI2026/01-firmware/AlgSumo/install/setup.sh'
[0.598s] INFO:colcon.colcon_core.shell:Creating prefix script '/home/thepkx/UJIRobotics/Luloc-ASTI2026/01-firmware/AlgSumo/install/local_setup.bash'
[0.599s] INFO:colcon.colcon_core.shell:Creating prefix chain script '/home/thepkx/UJIRobotics/Luloc-ASTI2026/01-firmware/AlgSumo/install/setup.bash'
[0.601s] INFO:colcon.colcon_core.shell:Creating prefix script '/home/thepkx/UJIRobotics/Luloc-ASTI2026/01-firmware/AlgSumo/install/local_setup.zsh'
[0.601s] INFO:colcon.colcon_core.shell:Creating prefix chain script '/home/thepkx/UJIRobotics/Luloc-ASTI2026/01-firmware/AlgSumo/install/setup.zsh'
