[0.007s] Invoking command in '/home/thepkx/UJIRobotics/Luloc-ASTI2026/01-firmware/AlgSumo/build/algsumo': CMAKE_PREFIX_PATH=${CMAKE_PREFIX_PATH}:/home/thepkx/turtlebot3_ws/install/turtlebot3_teleop:/home/thepkx/turtlebot3_ws/install/turtlebot3_example:/opt/ros/humble /usr/bin/cmake /home/thepkx/UJIRobotics/Luloc-ASTI2026/01-firmware/AlgSumo -DCMAKE_INSTALL_PREFIX=/home/thepkx/UJIRobotics/Luloc-ASTI2026/01-firmware/AlgSumo/install/algsumo
[0.043s] -- The C compiler identification is GNU 11.4.0
[0.087s] -- The CXX compiler identification is GNU 11.4.0
[0.091s] -- Detecting C compiler ABI info
[0.149s] -- Detecting C compiler ABI info - done
[0.154s] -- Check for working C compiler: /usr/bin/cc - skipped
[0.154s] -- Detecting C compile features
[0.154s] -- Detecting C compile features - done
[0.156s] -- Detecting CXX compiler ABI info
[0.211s] -- Detecting CXX compiler ABI info - done
[0.216s] -- Check for working CXX compiler: /usr/bin/c++ - skipped
[0.216s] -- Detecting CXX compile features
[0.216s] -- Detecting CXX compile features - done
[0.218s] -- Found ament_cmake: 1.3.13 (/opt/ros/humble/share/ament_cmake/cmake)
[0.321s] -- Found Python3: /usr/bin/python3 (found version "3.10.12") found components: Interpreter 
[0.385s] -- Found rclcpp: 16.0.18 (/opt/ros/humble/share/rclcpp/cmake)
[0.416s] -- Found rosidl_generator_c: 3.1.8 (/opt/ros/humble/share/rosidl_generator_c/cmake)
[0.420s] -- Found rosidl_adapter: 3.1.8 (/opt/ros/humble/share/rosidl_adapter/cmake)
[0.427s] -- Found rosidl_generator_cpp: 3.1.8 (/opt/ros/humble/share/rosidl_generator_cpp/cmake)
[0.437s] -- Using all available rosidl_typesupport_c: rosidl_typesupport_fastrtps_c;rosidl_typesupport_introspection_c
[0.449s] -- Using all available rosidl_typesupport_cpp: rosidl_typesupport_fastrtps_cpp;rosidl_typesupport_introspection_cpp
[0.483s] -- Found rmw_implementation_cmake: 6.1.2 (/opt/ros/humble/share/rmw_implementation_cmake/cmake)
[0.485s] -- Found rmw_fastrtps_cpp: 6.2.10 (/opt/ros/humble/share/rmw_fastrtps_cpp/cmake)
[0.541s] -- Found OpenSSL: /usr/lib/x86_64-linux-gnu/libcrypto.so (found version "3.0.2")  
[0.561s] -- Found FastRTPS: /opt/ros/humble/include  
[0.588s] -- Using RMW implementation 'rmw_fastrtps_cpp' as default
[0.594s] -- Looking for pthread.h
[0.642s] -- Looking for pthread.h - found
[0.642s] -- Performing Test CMAKE_HAVE_LIBC_PTHREAD
[0.714s] -- Performing Test CMAKE_HAVE_LIBC_PTHREAD - Success
[0.715s] -- Found Threads: TRUE  
[0.790s] [31mCMake Error at /opt/ros/humble/share/ament_cmake_core/cmake/core/ament_package_xml.cmake:53 (message):
[0.790s]   ament_package_xml() package name 'algsumo' in '/package.xml' does not match
[0.790s]   current PROJECT_NAME 'control_sumo'.  You must call project() with the same
[0.790s]   package name before.
[0.790s] Call Stack (most recent call first):
[0.790s]   /opt/ros/humble/share/ament_cmake_core/cmake/core/ament_package.cmake:63 (ament_package_xml)
[0.790s]   CMakeLists.txt:21 (ament_package)
[0.790s] 
[0.791s] [0m
[0.791s] -- Configuring incomplete, errors occurred!
[0.791s] See also "/home/thepkx/UJIRobotics/Luloc-ASTI2026/01-firmware/AlgSumo/build/algsumo/CMakeFiles/CMakeOutput.log".
[0.797s] Invoked command in '/home/thepkx/UJIRobotics/Luloc-ASTI2026/01-firmware/AlgSumo/build/algsumo' returned '1': CMAKE_PREFIX_PATH=${CMAKE_PREFIX_PATH}:/home/thepkx/turtlebot3_ws/install/turtlebot3_teleop:/home/thepkx/turtlebot3_ws/install/turtlebot3_example:/opt/ros/humble /usr/bin/cmake /home/thepkx/UJIRobotics/Luloc-ASTI2026/01-firmware/AlgSumo -DCMAKE_INSTALL_PREFIX=/home/thepkx/UJIRobotics/Luloc-ASTI2026/01-firmware/AlgSumo/install/algsumo
