-- Found ament_cmake: 1.3.13 (/opt/ros/humble/share/ament_cmake/cmake)
-- Found rclcpp: 16.0.18 (/opt/ros/humble/share/rclcpp/cmake)
-- Found rosidl_generator_c: 3.1.8 (/opt/ros/humble/share/rosidl_generator_c/cmake)
-- Found rosidl_adapter: 3.1.8 (/opt/ros/humble/share/rosidl_adapter/cmake)
-- Found rosidl_generator_cpp: 3.1.8 (/opt/ros/humble/share/rosidl_generator_cpp/cmake)
-- Using all available rosidl_typesupport_c: rosidl_typesupport_fastrtps_c;rosidl_typesupport_introspection_c
-- Using all available rosidl_typesupport_cpp: rosidl_typesupport_fastrtps_cpp;rosidl_typesupport_introspection_cpp
-- Found rmw_implementation_cmake: 6.1.2 (/opt/ros/humble/share/rmw_implementation_cmake/cmake)
-- Found rmw_fastrtps_cpp: 6.2.10 (/opt/ros/humble/share/rmw_fastrtps_cpp/cmake)
-- Using RMW implementation 'rmw_fastrtps_cpp' as default
-- Found geometry_msgs: 4.9.1 (/opt/ros/humble/share/geometry_msgs/cmake)
-- Configuring done
-- Generating done
-- Build files have been written to: /home/thepkx/UJIRobotics/Luloc-ASTI2026/01-firmware/AlgSumo/build/algsumo
[35m[1mConsolidate compiler generated dependencies of target algsumo[0m
[ 50%] [32mBuilding CXX object CMakeFiles/algsumo.dir/src/main.cpp.o[0m
[100%] [32m[1mLinking CXX executable algsumo[0m
[100%] Built target algsumo
-- Install configuration: ""
-- Installing: /home/thepkx/UJIRobotics/Luloc-ASTI2026/01-firmware/AlgSumo/install/algsumo/lib/algsumo/algsumo
-- Set runtime path of "/home/thepkx/UJIRobotics/Luloc-ASTI2026/01-firmware/AlgSumo/install/algsumo/lib/algsumo/algsumo" to ""
-- Installing: /home/thepkx/UJIRobotics/Luloc-ASTI2026/01-firmware/AlgSumo/install/algsumo/share/ament_index/resource_index/package_run_dependencies/algsumo
-- Installing: /home/thepkx/UJIRobotics/Luloc-ASTI2026/01-firmware/AlgSumo/install/algsumo/share/ament_index/resource_index/parent_prefix_path/algsumo
-- Installing: /home/thepkx/UJIRobotics/Luloc-ASTI2026/01-firmware/AlgSumo/install/algsumo/share/algsumo/environment/ament_prefix_path.sh
-- Installing: /home/thepkx/UJIRobotics/Luloc-ASTI2026/01-firmware/AlgSumo/install/algsumo/share/algsumo/environment/ament_prefix_path.dsv
-- Installing: /home/thepkx/UJIRobotics/Luloc-ASTI2026/01-firmware/AlgSumo/install/algsumo/share/algsumo/environment/path.sh
-- Installing: /home/thepkx/UJIRobotics/Luloc-ASTI2026/01-firmware/AlgSumo/install/algsumo/share/algsumo/environment/path.dsv
-- Installing: /home/thepkx/UJIRobotics/Luloc-ASTI2026/01-firmware/AlgSumo/install/algsumo/share/algsumo/local_setup.bash
-- Installing: /home/thepkx/UJIRobotics/Luloc-ASTI2026/01-firmware/AlgSumo/install/algsumo/share/algsumo/local_setup.sh
-- Installing: /home/thepkx/UJIRobotics/Luloc-ASTI2026/01-firmware/AlgSumo/install/algsumo/share/algsumo/local_setup.zsh
-- Installing: /home/thepkx/UJIRobotics/Luloc-ASTI2026/01-firmware/AlgSumo/install/algsumo/share/algsumo/local_setup.dsv
-- Installing: /home/thepkx/UJIRobotics/Luloc-ASTI2026/01-firmware/AlgSumo/install/algsumo/share/algsumo/package.dsv
-- Installing: /home/thepkx/UJIRobotics/Luloc-ASTI2026/01-firmware/AlgSumo/install/algsumo/share/ament_index/resource_index/packages/algsumo
-- Installing: /home/thepkx/UJIRobotics/Luloc-ASTI2026/01-firmware/AlgSumo/install/algsumo/share/algsumo/cmake/algsumoConfig.cmake
-- Installing: /home/thepkx/UJIRobotics/Luloc-ASTI2026/01-firmware/AlgSumo/install/algsumo/share/algsumo/cmake/algsumoConfig-version.cmake
-- Installing: /home/thepkx/UJIRobotics/Luloc-ASTI2026/01-firmware/AlgSumo/install/algsumo/share/algsumo/package.xml
