[0.007s] Invoking command in '/home/thepkx/UJIRobotics/Luloc-ASTI2026/01-firmware/AlgSumo/build/control_sumo': /usr/bin/cmake /home/thepkx/UJIRobotics/Luloc-ASTI2026/01-firmware/AlgSumo -DCMAKE_INSTALL_PREFIX=/home/thepkx/UJIRobotics/Luloc-ASTI2026/01-firmware/AlgSumo/install/control_sumo
[0.015s] -- Found ament_cmake: 1.3.13 (/opt/ros/humble/share/ament_cmake/cmake)
[0.096s] -- Found rclcpp: 16.0.18 (/opt/ros/humble/share/rclcpp/cmake)
[0.114s] -- Found rosidl_generator_c: 3.1.8 (/opt/ros/humble/share/rosidl_generator_c/cmake)
[0.115s] -- Found rosidl_adapter: 3.1.8 (/opt/ros/humble/share/rosidl_adapter/cmake)
[0.119s] -- Found rosidl_generator_cpp: 3.1.8 (/opt/ros/humble/share/rosidl_generator_cpp/cmake)
[0.125s] -- Using all available rosidl_typesupport_c: rosidl_typesupport_fastrtps_c;rosidl_typesupport_introspection_c
[0.133s] -- Using all available rosidl_typesupport_cpp: rosidl_typesupport_fastrtps_cpp;rosidl_typesupport_introspection_cpp
[0.153s] -- Found rmw_implementation_cmake: 6.1.2 (/opt/ros/humble/share/rmw_implementation_cmake/cmake)
[0.154s] -- Found rmw_fastrtps_cpp: 6.2.10 (/opt/ros/humble/share/rmw_fastrtps_cpp/cmake)
[0.220s] -- Using RMW implementation 'rmw_fastrtps_cpp' as default
[0.285s] Error parsing '/home/thepkx/UJIRobotics/Luloc-ASTI2026/01-firmware/AlgSumo/package.xml':
[0.314s] Traceback (most recent call last):
[0.314s]   File "/usr/lib/python3/dist-packages/catkin_pkg/package.py", line 610, in parse_package_string
[0.315s]     root = dom.parseString(data)
[0.315s]   File "/usr/lib/python3.10/xml/dom/minidom.py", line 1995, in parseString
[0.315s]     return expatbuilder.parseString(string)
[0.315s]   File "/usr/lib/python3.10/xml/dom/expatbuilder.py", line 925, in parseString
[0.316s]     return builder.parseString(string)
[0.316s]   File "/usr/lib/python3.10/xml/dom/expatbuilder.py", line 223, in parseString
[0.316s]     parser.Parse(string, True)
[0.316s] xml.parsers.expat.ExpatError: junk after document element: line 20, column 2
[0.316s] 
[0.316s] During handling of the above exception, another exception occurred:
[0.316s] 
[0.316s] Traceback (most recent call last):
[0.316s]   File "/opt/ros/humble/share/ament_cmake_core/cmake/core/package_xml_2_cmake.py", line 150, in <module>
[0.316s]     main()
[0.316s]   File "/opt/ros/humble/share/ament_cmake_core/cmake/core/package_xml_2_cmake.py", line 53, in main
[0.316s]     raise e
[0.316s]   File "/opt/ros/humble/share/ament_cmake_core/cmake/core/package_xml_2_cmake.py", line 49, in main
[0.316s]     package = parse_package_string(
[0.316s]   File "/usr/lib/python3/dist-packages/catkin_pkg/package.py", line 612, in parse_package_string
[0.316s]     raise InvalidPackage('The manifest contains invalid XML:\n%s' % ex, filename)
[0.316s] catkin_pkg.package.InvalidPackage: Error(s) in package '/home/thepkx/UJIRobotics/Luloc-ASTI2026/01-firmware/AlgSumo/package.xml':
[0.316s] The manifest contains invalid XML:
[0.316s] junk after document element: line 20, column 2
[0.326s] [31mCMake Error at /opt/ros/humble/share/ament_cmake_core/cmake/core/ament_package_xml.cmake:95 (message):
[0.327s]   execute_process(/usr/bin/python3
[0.327s]   /opt/ros/humble/share/ament_cmake_core/cmake/core/package_xml_2_cmake.py
[0.327s]   /home/thepkx/UJIRobotics/Luloc-ASTI2026/01-firmware/AlgSumo/package.xml
[0.327s]   /home/thepkx/UJIRobotics/Luloc-ASTI2026/01-firmware/AlgSumo/build/control_sumo/ament_cmake_core/package.cmake)
[0.327s]   returned error code 1
[0.327s] Call Stack (most recent call first):
[0.327s]   /opt/ros/humble/share/ament_cmake_core/cmake/core/ament_package_xml.cmake:49 (_ament_package_xml)
[0.327s]   /opt/ros/humble/share/ament_cmake_core/cmake/core/ament_package.cmake:63 (ament_package_xml)
[0.327s]   CMakeLists.txt:21 (ament_package)
[0.327s] 
[0.327s] [0m
[0.327s] -- Configuring incomplete, errors occurred!
[0.327s] See also "/home/thepkx/UJIRobotics/Luloc-ASTI2026/01-firmware/AlgSumo/build/control_sumo/CMakeFiles/CMakeOutput.log".
[0.332s] Invoked command in '/home/thepkx/UJIRobotics/Luloc-ASTI2026/01-firmware/AlgSumo/build/control_sumo' returned '1': /usr/bin/cmake /home/thepkx/UJIRobotics/Luloc-ASTI2026/01-firmware/AlgSumo -DCMAKE_INSTALL_PREFIX=/home/thepkx/UJIRobotics/Luloc-ASTI2026/01-firmware/AlgSumo/install/control_sumo
