[0.077s] DEBUG:colcon:Command line arguments: ['/usr/bin/colcon', 'build']
[0.077s] DEBUG:colcon:Parsed command line arguments: Namespace(log_base=None, log_level=None, verb_name='build', build_base='build', install_base='install', merge_install=False, symlink_install=False, test_result_base=None, continue_on_error=False, executor='parallel', parallel_workers=12, event_handlers=None, ignore_user_meta=False, metas=['./colcon.meta'], base_paths=['.'], packages_ignore=None, packages_ignore_regex=None, paths=None, packages_up_to=None, packages_up_to_regex=None, packages_above=None, packages_above_and_dependencies=None, packages_above_depth=None, packages_select_by_dep=None, packages_skip_by_dep=None, packages_skip_up_to=None, packages_select_build_failed=False, packages_skip_build_finished=False, packages_select_test_failures=False, packages_skip_test_passed=False, packages_select=None, packages_skip=None, packages_select_regex=None, packages_skip_regex=None, packages_start=None, packages_end=None, allow_overriding=[], cmake_args=None, cmake_target=None, cmake_target_skip_unavailable=False, cmake_clean_cache=False, cmake_clean_first=False, cmake_force_configure=False, ament_cmake_args=None, catkin_cmake_args=None, catkin_skip_building_tests=False, mixin_files=None, mixin=None, verb_parser=<colcon_mixin.mixin.mixin_argument.MixinArgumentDecorator object at 0x75fc56d71000>, verb_extension=<colcon_core.verb.build.BuildVerb object at 0x75fc56e92650>, main=<bound method BuildVerb.main of <colcon_core.verb.build.BuildVerb object at 0x75fc56e92650>>, mixin_verb=('build',))
[0.192s] Level 1:colcon.colcon_core.package_discovery:discover_packages(colcon_meta) check parameters
[0.192s] Level 1:colcon.colcon_core.package_discovery:discover_packages(recursive) check parameters
[0.192s] Level 1:colcon.colcon_core.package_discovery:discover_packages(ignore) check parameters
[0.192s] Level 1:colcon.colcon_core.package_discovery:discover_packages(path) check parameters
[0.192s] Level 1:colcon.colcon_core.package_discovery:discover_packages(colcon_meta) discover
[0.192s] Level 1:colcon.colcon_core.package_discovery:discover_packages(recursive) discover
[0.192s] INFO:colcon.colcon_core.package_discovery:Crawling recursively for packages in '/home/thepkx/UJIRobotics/Luloc-ASTI2026/01-firmware/AlgSumo'
[0.192s] Level 1:colcon.colcon_core.package_identification:_identify(.) by extensions ['ignore', 'ignore_ament_install']
[0.192s] Level 1:colcon.colcon_core.package_identification:_identify(.) by extension 'ignore'
[0.192s] Level 1:colcon.colcon_core.package_identification:_identify(.) by extension 'ignore_ament_install'
[0.192s] Level 1:colcon.colcon_core.package_identification:_identify(.) by extensions ['colcon_pkg']
[0.192s] Level 1:colcon.colcon_core.package_identification:_identify(.) by extension 'colcon_pkg'
[0.192s] Level 1:colcon.colcon_core.package_identification:_identify(.) by extensions ['colcon_meta']
[0.193s] Level 1:colcon.colcon_core.package_identification:_identify(.) by extension 'colcon_meta'
[0.193s] Level 1:colcon.colcon_core.package_identification:_identify(.) by extensions ['ros']
[0.193s] Level 1:colcon.colcon_core.package_identification:_identify(.) by extension 'ros'
[0.207s] DEBUG:colcon.colcon_core.package_identification:Package '.' with type 'ros.ament_cmake' and name 'algsumo'
[0.207s] Level 1:colcon.colcon_core.package_discovery:discover_packages(recursive) using defaults
[0.207s] Level 1:colcon.colcon_core.package_discovery:discover_packages(ignore) discover
[0.207s] Level 1:colcon.colcon_core.package_discovery:discover_packages(ignore) using defaults
[0.207s] Level 1:colcon.colcon_core.package_discovery:discover_packages(path) discover
[0.207s] Level 1:colcon.colcon_core.package_discovery:discover_packages(path) using defaults
[0.220s] Level 1:colcon.colcon_core.package_discovery:discover_packages(prefix_path) check parameters
[0.220s] Level 1:colcon.colcon_core.package_discovery:discover_packages(prefix_path) discover
[0.221s] DEBUG:colcon.colcon_installed_package_information.package_discovery:Found 16 installed packages in /home/thepkx/turtlebot3_ws/install
[0.222s] DEBUG:colcon.colcon_installed_package_information.package_discovery:Found 337 installed packages in /opt/ros/humble
[0.224s] Level 1:colcon.colcon_core.package_discovery:discover_packages(prefix_path) using defaults
[0.251s] Level 5:colcon.colcon_core.verb:set package 'algsumo' build argument 'cmake_args' from command line to 'None'
[0.251s] Level 5:colcon.colcon_core.verb:set package 'algsumo' build argument 'cmake_target' from command line to 'None'
[0.251s] Level 5:colcon.colcon_core.verb:set package 'algsumo' build argument 'cmake_target_skip_unavailable' from command line to 'False'
[0.251s] Level 5:colcon.colcon_core.verb:set package 'algsumo' build argument 'cmake_clean_cache' from command line to 'False'
[0.251s] Level 5:colcon.colcon_core.verb:set package 'algsumo' build argument 'cmake_clean_first' from command line to 'False'
[0.251s] Level 5:colcon.colcon_core.verb:set package 'algsumo' build argument 'cmake_force_configure' from command line to 'False'
[0.251s] Level 5:colcon.colcon_core.verb:set package 'algsumo' build argument 'ament_cmake_args' from command line to 'None'
[0.251s] Level 5:colcon.colcon_core.verb:set package 'algsumo' build argument 'catkin_cmake_args' from command line to 'None'
[0.251s] Level 5:colcon.colcon_core.verb:set package 'algsumo' build argument 'catkin_skip_building_tests' from command line to 'False'
[0.251s] DEBUG:colcon.colcon_core.verb:Building package 'algsumo' with the following arguments: {'ament_cmake_args': None, 'build_base': '/home/thepkx/UJIRobotics/Luloc-ASTI2026/01-firmware/AlgSumo/build/algsumo', 'catkin_cmake_args': None, 'catkin_skip_building_tests': False, 'cmake_args': None, 'cmake_clean_cache': False, 'cmake_clean_first': False, 'cmake_force_configure': False, 'cmake_target': None, 'cmake_target_skip_unavailable': False, 'install_base': '/home/thepkx/UJIRobotics/Luloc-ASTI2026/01-firmware/AlgSumo/install/algsumo', 'merge_install': False, 'path': '/home/thepkx/UJIRobotics/Luloc-ASTI2026/01-firmware/AlgSumo', 'symlink_install': False, 'test_result_base': None}
[0.251s] INFO:colcon.colcon_core.executor:Executing jobs using 'parallel' executor
[0.252s] DEBUG:colcon.colcon_parallel_executor.executor.parallel:run_until_complete
[0.252s] INFO:colcon.colcon_ros.task.ament_cmake.build:Building ROS package in '/home/thepkx/UJIRobotics/Luloc-ASTI2026/01-firmware/AlgSumo' with build type 'ament_cmake'
[0.252s] INFO:colcon.colcon_cmake.task.cmake.build:Building CMake package in '/home/thepkx/UJIRobotics/Luloc-ASTI2026/01-firmware/AlgSumo'
[0.253s] INFO:colcon.colcon_core.plugin_system:Skipping extension 'colcon_core.shell.bat': Not used on non-Windows systems
[0.253s] INFO:colcon.colcon_core.shell:Skip shell extension 'powershell' for command environment: Not usable outside of PowerShell
[0.253s] DEBUG:colcon.colcon_core.shell:Skip shell extension 'dsv' for command environment
[0.259s] DEBUG:colcon.colcon_core.event_handler.log_command:Invoking command in '/home/thepkx/UJIRobotics/Luloc-ASTI2026/01-firmware/AlgSumo/build/algsumo': CMAKE_PREFIX_PATH=${CMAKE_PREFIX_PATH}:/home/thepkx/turtlebot3_ws/install/turtlebot3_teleop:/home/thepkx/turtlebot3_ws/install/turtlebot3_example:/opt/ros/humble /usr/bin/cmake /home/thepkx/UJIRobotics/Luloc-ASTI2026/01-firmware/AlgSumo -DCMAKE_INSTALL_PREFIX=/home/thepkx/UJIRobotics/Luloc-ASTI2026/01-firmware/AlgSumo/install/algsumo
[1.049s] DEBUG:colcon.colcon_core.event_handler.log_command:Invoked command in '/home/thepkx/UJIRobotics/Luloc-ASTI2026/01-firmware/AlgSumo/build/algsumo' returned '1': CMAKE_PREFIX_PATH=${CMAKE_PREFIX_PATH}:/home/thepkx/turtlebot3_ws/install/turtlebot3_teleop:/home/thepkx/turtlebot3_ws/install/turtlebot3_example:/opt/ros/humble /usr/bin/cmake /home/thepkx/UJIRobotics/Luloc-ASTI2026/01-firmware/AlgSumo -DCMAKE_INSTALL_PREFIX=/home/thepkx/UJIRobotics/Luloc-ASTI2026/01-firmware/AlgSumo/install/algsumo
[1.056s] Level 1:colcon.colcon_core.environment:create_environment_scripts_only(algsumo)
[1.058s] Level 1:colcon.colcon_core.environment:checking '/home/thepkx/UJIRobotics/Luloc-ASTI2026/01-firmware/AlgSumo/install/algsumo' for CMake module files
[1.058s] Level 1:colcon.colcon_core.environment:checking '/home/thepkx/UJIRobotics/Luloc-ASTI2026/01-firmware/AlgSumo/install/algsumo' for CMake config files
[1.058s] Level 1:colcon.colcon_core.environment:checking '/home/thepkx/UJIRobotics/Luloc-ASTI2026/01-firmware/AlgSumo/install/algsumo/bin'
[1.058s] Level 1:colcon.colcon_core.environment:checking '/home/thepkx/UJIRobotics/Luloc-ASTI2026/01-firmware/AlgSumo/install/algsumo/lib/pkgconfig/algsumo.pc'
[1.058s] Level 1:colcon.colcon_core.environment:checking '/home/thepkx/UJIRobotics/Luloc-ASTI2026/01-firmware/AlgSumo/install/algsumo/lib/python3.10/site-packages'
[1.059s] Level 1:colcon.colcon_core.environment:checking '/home/thepkx/UJIRobotics/Luloc-ASTI2026/01-firmware/AlgSumo/install/algsumo/bin'
[1.059s] INFO:colcon.colcon_core.shell:Creating package script '/home/thepkx/UJIRobotics/Luloc-ASTI2026/01-firmware/AlgSumo/install/algsumo/share/algsumo/package.ps1'
[1.059s] INFO:colcon.colcon_core.shell:Creating package descriptor '/home/thepkx/UJIRobotics/Luloc-ASTI2026/01-firmware/AlgSumo/install/algsumo/share/algsumo/package.dsv'
[1.060s] INFO:colcon.colcon_core.shell:Creating package script '/home/thepkx/UJIRobotics/Luloc-ASTI2026/01-firmware/AlgSumo/install/algsumo/share/algsumo/package.sh'
[1.060s] INFO:colcon.colcon_core.shell:Creating package script '/home/thepkx/UJIRobotics/Luloc-ASTI2026/01-firmware/AlgSumo/install/algsumo/share/algsumo/package.bash'
[1.061s] INFO:colcon.colcon_core.shell:Creating package script '/home/thepkx/UJIRobotics/Luloc-ASTI2026/01-firmware/AlgSumo/install/algsumo/share/algsumo/package.zsh'
[1.061s] Level 1:colcon.colcon_core.environment:create_file_with_runtime_dependencies(/home/thepkx/UJIRobotics/Luloc-ASTI2026/01-firmware/AlgSumo/install/algsumo/share/colcon-core/packages/algsumo)
[1.071s] DEBUG:colcon.colcon_parallel_executor.executor.parallel:closing loop
[1.071s] DEBUG:colcon.colcon_parallel_executor.executor.parallel:loop closed
[1.071s] DEBUG:colcon.colcon_parallel_executor.executor.parallel:run_until_complete finished with '1'
[1.071s] DEBUG:colcon.colcon_core.event_reactor:joining thread
[1.080s] INFO:colcon.colcon_core.plugin_system:Skipping extension 'colcon_notification.desktop_notification.terminal_notifier': Not used on non-Darwin systems
[1.080s] INFO:colcon.colcon_core.plugin_system:Skipping extension 'colcon_notification.desktop_notification.win32': Not used on non-Windows systems
[1.080s] INFO:colcon.colcon_notification.desktop_notification:Sending desktop notification using 'notify2'
[1.097s] DEBUG:colcon.colcon_core.event_reactor:joined thread
[1.098s] INFO:colcon.colcon_core.shell:Creating prefix script '/home/thepkx/UJIRobotics/Luloc-ASTI2026/01-firmware/AlgSumo/install/local_setup.ps1'
[1.099s] INFO:colcon.colcon_core.shell:Creating prefix util module '/home/thepkx/UJIRobotics/Luloc-ASTI2026/01-firmware/AlgSumo/install/_local_setup_util_ps1.py'
[1.100s] INFO:colcon.colcon_core.shell:Creating prefix chain script '/home/thepkx/UJIRobotics/Luloc-ASTI2026/01-firmware/AlgSumo/install/setup.ps1'
[1.101s] INFO:colcon.colcon_core.shell:Creating prefix script '/home/thepkx/UJIRobotics/Luloc-ASTI2026/01-firmware/AlgSumo/install/local_setup.sh'
[1.102s] INFO:colcon.colcon_core.shell:Creating prefix util module '/home/thepkx/UJIRobotics/Luloc-ASTI2026/01-firmware/AlgSumo/install/_local_setup_util_sh.py'
[1.102s] INFO:colcon.colcon_core.shell:Creating prefix chain script '/home/thepkx/UJIRobotics/Luloc-ASTI2026/01-firmware/AlgSumo/install/setup.sh'
[1.103s] INFO:colcon.colcon_core.shell:Creating prefix script '/home/thepkx/UJIRobotics/Luloc-ASTI2026/01-firmware/AlgSumo/install/local_setup.bash'
[1.103s] INFO:colcon.colcon_core.shell:Creating prefix chain script '/home/thepkx/UJIRobotics/Luloc-ASTI2026/01-firmware/AlgSumo/install/setup.bash'
[1.104s] INFO:colcon.colcon_core.shell:Creating prefix script '/home/thepkx/UJIRobotics/Luloc-ASTI2026/01-firmware/AlgSumo/install/local_setup.zsh'
[1.105s] INFO:colcon.colcon_core.shell:Creating prefix chain script '/home/thepkx/UJIRobotics/Luloc-ASTI2026/01-firmware/AlgSumo/install/setup.zsh'
