[0.007s] Invoking command in '/home/thepkx/UJIRobotics/Luloc-ASTI2026/01-firmware/AlgSumo/build/AlgSumo': CMAKE_PREFIX_PATH=${CMAKE_PREFIX_PATH}:/home/thepkx/turtlebot3_ws/install/turtlebot3_teleop:/home/thepkx/turtlebot3_ws/install/turtlebot3_example:/opt/ros/humble /usr/bin/cmake /home/thepkx/UJIRobotics/Luloc-ASTI2026/01-firmware/AlgSumo -DCMAKE_INSTALL_PREFIX=/home/thepkx/UJIRobotics/Luloc-ASTI2026/01-firmware/AlgSumo/install/AlgSumo
[0.042s] -- The C compiler identification is GNU 11.4.0
[0.075s] -- The CXX compiler identification is GNU 11.4.0
[0.080s] -- Detecting C compiler ABI info
[0.133s] -- Detecting C compiler ABI info - done
[0.138s] -- Check for working C compiler: /usr/bin/cc - skipped
[0.138s] -- Detecting C compile features
[0.138s] -- Detecting C compile features - done
[0.140s] -- Detecting CXX compiler ABI info
[0.194s] -- Detecting CXX compiler ABI info - done
[0.199s] -- Check for working CXX compiler: /usr/bin/c++ - skipped
[0.199s] -- Detecting CXX compile features
[0.199s] -- Detecting CXX compile features - done
[0.201s] -- Found ament_cmake: 1.3.13 (/opt/ros/humble/share/ament_cmake/cmake)
[0.306s] -- Found Python3: /usr/bin/python3 (found version "3.10.12") found components: Interpreter 
[0.371s] -- Found rclcpp: 16.0.18 (/opt/ros/humble/share/rclcpp/cmake)
[0.402s] -- Found rosidl_generator_c: 3.1.8 (/opt/ros/humble/share/rosidl_generator_c/cmake)
[0.406s] -- Found rosidl_adapter: 3.1.8 (/opt/ros/humble/share/rosidl_adapter/cmake)
[0.412s] -- Found rosidl_generator_cpp: 3.1.8 (/opt/ros/humble/share/rosidl_generator_cpp/cmake)
[0.420s] -- Using all available rosidl_typesupport_c: rosidl_typesupport_fastrtps_c;rosidl_typesupport_introspection_c
[0.432s] -- Using all available rosidl_typesupport_cpp: rosidl_typesupport_fastrtps_cpp;rosidl_typesupport_introspection_cpp
[0.463s] -- Found rmw_implementation_cmake: 6.1.2 (/opt/ros/humble/share/rmw_implementation_cmake/cmake)
[0.465s] -- Found rmw_fastrtps_cpp: 6.2.10 (/opt/ros/humble/share/rmw_fastrtps_cpp/cmake)
[0.523s] -- Found OpenSSL: /usr/lib/x86_64-linux-gnu/libcrypto.so (found version "3.0.2")  
[0.543s] -- Found FastRTPS: /opt/ros/humble/include  
[0.571s] -- Using RMW implementation 'rmw_fastrtps_cpp' as default
[0.578s] -- Looking for pthread.h
[0.624s] -- Looking for pthread.h - found
[0.625s] -- Performing Test CMAKE_HAVE_LIBC_PTHREAD
[0.674s] -- Performing Test CMAKE_HAVE_LIBC_PTHREAD - Success
[0.674s] -- Found Threads: TRUE  
[0.744s] WARNING: Package name "AlgSumo" does not follow the naming conventions. It should start with a lower case letter and only contain lower case letters, digits, underscores, and dashes.
[0.750s] [31mCMake Error at /opt/ros/humble/share/ament_cmake_core/cmake/core/ament_package_xml.cmake:53 (message):
[0.750s]   ament_package_xml() package name 'AlgSumo' in '/package.xml' does not match
[0.750s]   current PROJECT_NAME 'control_sumo'.  You must call project() with the same
[0.750s]   package name before.
[0.750s] Call Stack (most recent call first):
[0.750s]   /opt/ros/humble/share/ament_cmake_core/cmake/core/ament_package.cmake:63 (ament_package_xml)
[0.750s]   CMakeLists.txt:21 (ament_package)
[0.750s] 
[0.750s] [0m
[0.750s] -- Configuring incomplete, errors occurred!
[0.750s] See also "/home/thepkx/UJIRobotics/Luloc-ASTI2026/01-firmware/AlgSumo/build/AlgSumo/CMakeFiles/CMakeOutput.log".
[0.758s] Invoked command in '/home/thepkx/UJIRobotics/Luloc-ASTI2026/01-firmware/AlgSumo/build/AlgSumo' returned '1': CMAKE_PREFIX_PATH=${CMAKE_PREFIX_PATH}:/home/thepkx/turtlebot3_ws/install/turtlebot3_teleop:/home/thepkx/turtlebot3_ws/install/turtlebot3_example:/opt/ros/humble /usr/bin/cmake /home/thepkx/UJIRobotics/Luloc-ASTI2026/01-firmware/AlgSumo -DCMAKE_INSTALL_PREFIX=/home/thepkx/UJIRobotics/Luloc-ASTI2026/01-firmware/AlgSumo/install/AlgSumo
